<?xml version="1.0" encoding="UTF-8"?>
<!-- Generated by org.testng.reporters.JUnitReportReporter -->
<testsuite skipped="0" hostname="LAPTOP-EKQQF59L" name="testCases.Framework003" tests="4" failures="0" timestamp="14 May 2017 13:51:51 GMT" time="34.912" errors="0">
  <testcase name="testLoginwithIncorrect" time="12.897" classname="testCases.Framework003"/>
  <testcase name="testLoginwithcorrect" time="4.949" classname="testCases.Framework003"/>
  <testcase name="testMobile" time="4.601" classname="testCases.Framework003"/>
  <testcase name="testCartAdding" time="12.465" classname="testCases.Framework003"/>
</testsuite> <!-- testCases.Framework003 -->
